<?xml version="1.0" encoding="UTF-8"?>
<testng-results skipped="0" failed="0" ignored="0" total="2" passed="2">
  <reporter-output>
  </reporter-output>
  <suite name="Default suite" duration-ms="17393" started-at="2019-11-15T19:19:41Z" finished-at="2019-11-15T19:19:58Z">
    <groups>
    </groups>
    <test name="Default test" duration-ms="17393" started-at="2019-11-15T19:19:41Z" finished-at="2019-11-15T19:19:58Z">
      <class name="GenericScripts.LoginTest">
        <test-method status="PASS" signature="setUpTest()[pri:0, instance:GenericScripts.LoginTest@27efef64]" name="setUpTest" is-config="true" duration-ms="11219" started-at="2019-11-15T19:19:41Z" finished-at="2019-11-15T19:19:52Z">
          <reporter-output>
          </reporter-output>
        </test-method> <!-- setUpTest -->
        <test-method status="PASS" signature="TCOHR001()[pri:0, instance:GenericScripts.LoginTest@27efef64]" name="TCOHR001" duration-ms="3222" started-at="2019-11-15T19:19:52Z" finished-at="2019-11-15T19:19:55Z">
          <reporter-output>
          </reporter-output>
        </test-method> <!-- TCOHR001 -->
        <test-method status="PASS" signature="TCOHR002()[pri:0, instance:GenericScripts.LoginTest@27efef64]" name="TCOHR002" duration-ms="2144" started-at="2019-11-15T19:19:55Z" finished-at="2019-11-15T19:19:58Z">
          <reporter-output>
          </reporter-output>
        </test-method> <!-- TCOHR002 -->
        <test-method status="PASS" signature="tearDownTest()[pri:0, instance:GenericScripts.LoginTest@27efef64]" name="tearDownTest" is-config="true" duration-ms="776" started-at="2019-11-15T19:19:58Z" finished-at="2019-11-15T19:19:58Z">
          <reporter-output>
          </reporter-output>
        </test-method> <!-- tearDownTest -->
      </class> <!-- GenericScripts.LoginTest -->
    </test> <!-- Default test -->
  </suite> <!-- Default suite -->
</testng-results>
